<?xml version="1.0" encoding="UTF-8"?>
<testng-results ignored="0" total="2" passed="2" failed="0" skipped="0">
  <reporter-output>
  </reporter-output>
  <suite started-at="2022-01-26T12:57:31 IST" name="Default suite" finished-at="2022-01-26T12:57:31 IST" duration-ms="33">
    <groups>
      <group name="regressionTest">
        <method signature="ContactTest.modifyContact()[pri:0, instance:com.crm.comcast.contact.ContactTest@693fe6c9]" name="modifyContact" class="com.crm.comcast.contact.ContactTest"/>
      </group> <!-- regressionTest -->
      <group name="smokeTest">
        <method signature="ContactTest.createContact()[pri:0, instance:com.crm.comcast.contact.ContactTest@693fe6c9]" name="createContact" class="com.crm.comcast.contact.ContactTest"/>
      </group> <!-- smokeTest -->
    </groups>
    <test started-at="2022-01-26T12:57:31 IST" name="Default test" finished-at="2022-01-26T12:57:31 IST" duration-ms="33">
      <class name="com.crm.comcast.contact.ContactTest">
        <test-method signature="createContact()[pri:0, instance:com.crm.comcast.contact.ContactTest@693fe6c9]" started-at="2022-01-26T12:57:31 IST" name="createContact" finished-at="2022-01-26T12:57:31 IST" duration-ms="6" status="PASS">
          <reporter-output>
          </reporter-output>
        </test-method> <!-- createContact -->
        <test-method signature="modifyContact()[pri:0, instance:com.crm.comcast.contact.ContactTest@693fe6c9]" started-at="2022-01-26T12:57:31 IST" name="modifyContact" finished-at="2022-01-26T12:57:31 IST" duration-ms="0" status="PASS">
          <reporter-output>
          </reporter-output>
        </test-method> <!-- modifyContact -->
      </class> <!-- com.crm.comcast.contact.ContactTest -->
    </test> <!-- Default test -->
  </suite> <!-- Default suite -->
</testng-results>
